{
  "RSpec": {
    "coverage": {
      "/mnt/c/Users/gever/Desktop/Universidad/Ramos/2020-2/Ing de Software/proyecto_local/grupo10-proyecto/app/models/user.rb": {
        "lines": [
          null,
          null,
          1,
          null,
          null,
          null,
          1,
          1,
          1,
          1,
          null,
          1,
          null,
          null,
          1,
          1,
          null,
          1,
          0,
          null,
          null,
          1,
          null,
          1,
          0,
          null,
          null
        ]
      },
      "/mnt/c/Users/gever/Desktop/Universidad/Ramos/2020-2/Ing de Software/proyecto_local/grupo10-proyecto/app/models/application_record.rb": {
        "lines": [
          null,
          null,
          1,
          1,
          null
        ]
      },
      "/mnt/c/Users/gever/Desktop/Universidad/Ramos/2020-2/Ing de Software/proyecto_local/grupo10-proyecto/app/helpers/admin_helper.rb": {
        "lines": [
          null,
          null,
          1,
          null
        ]
      },
      "/mnt/c/Users/gever/Desktop/Universidad/Ramos/2020-2/Ing de Software/proyecto_local/grupo10-proyecto/app/helpers/application_helper.rb": {
        "lines": [
          null,
          null,
          1,
          null
        ]
      },
      "/mnt/c/Users/gever/Desktop/Universidad/Ramos/2020-2/Ing de Software/proyecto_local/grupo10-proyecto/app/helpers/carretes_helper.rb": {
        "lines": [
          null,
          null,
          1,
          null
        ]
      },
      "/mnt/c/Users/gever/Desktop/Universidad/Ramos/2020-2/Ing de Software/proyecto_local/grupo10-proyecto/app/helpers/comentarios_helper.rb": {
        "lines": [
          null,
          null,
          1,
          null
        ]
      },
      "/mnt/c/Users/gever/Desktop/Universidad/Ramos/2020-2/Ing de Software/proyecto_local/grupo10-proyecto/app/helpers/comunas_helper.rb": {
        "lines": [
          null,
          null,
          1,
          null
        ]
      },
      "/mnt/c/Users/gever/Desktop/Universidad/Ramos/2020-2/Ing de Software/proyecto_local/grupo10-proyecto/app/helpers/home_page_helper.rb": {
        "lines": [
          null,
          null,
          1,
          null
        ]
      },
      "/mnt/c/Users/gever/Desktop/Universidad/Ramos/2020-2/Ing de Software/proyecto_local/grupo10-proyecto/app/helpers/meme_helper.rb": {
        "lines": [
          null,
          null,
          1,
          null
        ]
      },
      "/mnt/c/Users/gever/Desktop/Universidad/Ramos/2020-2/Ing de Software/proyecto_local/grupo10-proyecto/app/helpers/post_helper.rb": {
        "lines": [
          null,
          null,
          1,
          null
        ]
      },
      "/mnt/c/Users/gever/Desktop/Universidad/Ramos/2020-2/Ing de Software/proyecto_local/grupo10-proyecto/app/helpers/postulacion_helper.rb": {
        "lines": [
          null,
          null,
          1,
          null
        ]
      },
      "/mnt/c/Users/gever/Desktop/Universidad/Ramos/2020-2/Ing de Software/proyecto_local/grupo10-proyecto/app/helpers/profile_helper.rb": {
        "lines": [
          null,
          null,
          1,
          null
        ]
      },
      "/mnt/c/Users/gever/Desktop/Universidad/Ramos/2020-2/Ing de Software/proyecto_local/grupo10-proyecto/app/helpers/servicecomments_helper.rb": {
        "lines": [
          null,
          null,
          1,
          null
        ]
      },
      "/mnt/c/Users/gever/Desktop/Universidad/Ramos/2020-2/Ing de Software/proyecto_local/grupo10-proyecto/app/helpers/servicio_helper.rb": {
        "lines": [
          null,
          null,
          1,
          null
        ]
      },
      "/mnt/c/Users/gever/Desktop/Universidad/Ramos/2020-2/Ing de Software/proyecto_local/grupo10-proyecto/app/helpers/settings_helper.rb": {
        "lines": [
          null,
          null,
          1,
          null
        ]
      },
      "/mnt/c/Users/gever/Desktop/Universidad/Ramos/2020-2/Ing de Software/proyecto_local/grupo10-proyecto/app/helpers/user_helper.rb": {
        "lines": [
          null,
          null,
          1,
          null
        ]
      },
      "/mnt/c/Users/gever/Desktop/Universidad/Ramos/2020-2/Ing de Software/proyecto_local/grupo10-proyecto/app/helpers/users_helper.rb": {
        "lines": [
          null,
          null,
          1,
          null
        ]
      },
      "/mnt/c/Users/gever/Desktop/Universidad/Ramos/2020-2/Ing de Software/proyecto_local/grupo10-proyecto/app/models/carrete_servicio.rb": {
        "lines": [
          null,
          null,
          1,
          1,
          1,
          null
        ]
      },
      "/mnt/c/Users/gever/Desktop/Universidad/Ramos/2020-2/Ing de Software/proyecto_local/grupo10-proyecto/app/models/carrete.rb": {
        "lines": [
          null,
          null,
          1,
          1,
          1,
          1,
          1,
          1,
          null,
          1,
          1,
          null,
          null
        ]
      },
      "/mnt/c/Users/gever/Desktop/Universidad/Ramos/2020-2/Ing de Software/proyecto_local/grupo10-proyecto/app/models/cobertura_servicio.rb": {
        "lines": [
          null,
          null,
          1,
          1,
          1,
          null
        ]
      },
      "/mnt/c/Users/gever/Desktop/Universidad/Ramos/2020-2/Ing de Software/proyecto_local/grupo10-proyecto/app/models/comentario.rb": {
        "lines": [
          null,
          null,
          1,
          1,
          1,
          null,
          null
        ]
      },
      "/mnt/c/Users/gever/Desktop/Universidad/Ramos/2020-2/Ing de Software/proyecto_local/grupo10-proyecto/app/models/comuna.rb": {
        "lines": [
          null,
          null,
          1,
          1,
          1,
          1,
          null
        ]
      },
      "/mnt/c/Users/gever/Desktop/Universidad/Ramos/2020-2/Ing de Software/proyecto_local/grupo10-proyecto/app/models/notification.rb": {
        "lines": [
          null,
          null,
          1,
          null
        ]
      },
      "/mnt/c/Users/gever/Desktop/Universidad/Ramos/2020-2/Ing de Software/proyecto_local/grupo10-proyecto/app/models/postulacion.rb": {
        "lines": [
          null,
          null,
          1,
          1,
          1,
          null,
          1,
          0,
          null,
          null,
          1,
          0,
          null,
          null
        ]
      },
      "/mnt/c/Users/gever/Desktop/Universidad/Ramos/2020-2/Ing de Software/proyecto_local/grupo10-proyecto/app/models/role.rb": {
        "lines": [
          null,
          null,
          1,
          1,
          null
        ]
      },
      "/mnt/c/Users/gever/Desktop/Universidad/Ramos/2020-2/Ing de Software/proyecto_local/grupo10-proyecto/app/models/servicecomment.rb": {
        "lines": [
          null,
          null,
          1,
          1,
          1,
          null
        ]
      },
      "/mnt/c/Users/gever/Desktop/Universidad/Ramos/2020-2/Ing de Software/proyecto_local/grupo10-proyecto/app/models/servicio.rb": {
        "lines": [
          null,
          null,
          1,
          1,
          1,
          1,
          1,
          1,
          1,
          null
        ]
      },
      "/mnt/c/Users/gever/Desktop/Universidad/Ramos/2020-2/Ing de Software/proyecto_local/grupo10-proyecto/app/models/user_descripcion.rb": {
        "lines": [
          null,
          null,
          1,
          null
        ]
      },
      "/mnt/c/Users/gever/Desktop/Universidad/Ramos/2020-2/Ing de Software/proyecto_local/grupo10-proyecto/app/controllers/carretes_controller.rb": {
        "lines": [
          null,
          null,
          1,
          1,
          1,
          0,
          null,
          null,
          1,
          0,
          0,
          null,
          0,
          0,
          0,
          0,
          0,
          null,
          0,
          null,
          null,
          null,
          1,
          0,
          0,
          null,
          0,
          null,
          0,
          null,
          null,
          1,
          0,
          0,
          0,
          0,
          0,
          0,
          null,
          null,
          null,
          1,
          0,
          0,
          0,
          null,
          null,
          1,
          0,
          null,
          null,
          1,
          1,
          0,
          0,
          null,
          0,
          null,
          null,
          null,
          1,
          0,
          0,
          0,
          null,
          null,
          1,
          0,
          0,
          0,
          null,
          null,
          1,
          0,
          0,
          0,
          null,
          null,
          1,
          0,
          null,
          null,
          null
        ]
      },
      "/mnt/c/Users/gever/Desktop/Universidad/Ramos/2020-2/Ing de Software/proyecto_local/grupo10-proyecto/app/controllers/application_controller.rb": {
        "lines": [
          null,
          null,
          1,
          1,
          null,
          1,
          1,
          0,
          null,
          null,
          1,
          null,
          1,
          0,
          null,
          0,
          null,
          null
        ]
      },
      "/mnt/c/Users/gever/Desktop/Universidad/Ramos/2020-2/Ing de Software/proyecto_local/grupo10-proyecto/app/controllers/comunas_controller.rb": {
        "lines": [
          null,
          null,
          1,
          1,
          1,
          2,
          null,
          2,
          2,
          null,
          0,
          null,
          null,
          null,
          1,
          0,
          null,
          null,
          1,
          0,
          null,
          null,
          1,
          0,
          null,
          null,
          1,
          1,
          1,
          1,
          null,
          null,
          1,
          0,
          null,
          0,
          0,
          null,
          0,
          null,
          null,
          null,
          1,
          null,
          1,
          2,
          null,
          null
        ]
      },
      "/mnt/c/Users/gever/Desktop/Universidad/Ramos/2020-2/Ing de Software/proyecto_local/grupo10-proyecto/app/controllers/home_page_controller.rb": {
        "lines": [
          null,
          null,
          1,
          1,
          1,
          null,
          null
        ]
      },
      "/mnt/c/Users/gever/Desktop/Universidad/Ramos/2020-2/Ing de Software/proyecto_local/grupo10-proyecto/app/controllers/servicio_controller.rb": {
        "lines": [
          null,
          null,
          1,
          1,
          1,
          0,
          null,
          null,
          1,
          0,
          null,
          null,
          1,
          0,
          null,
          null,
          1,
          1,
          1,
          null,
          1,
          0,
          null,
          1,
          null,
          null,
          null,
          1,
          0,
          null,
          null,
          1,
          0,
          null,
          null,
          1,
          0,
          null,
          0,
          0,
          null,
          0,
          null,
          null,
          null,
          1,
          0,
          0,
          0,
          null,
          null,
          1,
          0,
          0,
          0,
          null,
          null,
          1,
          0,
          0,
          0,
          null,
          null,
          1,
          1,
          null,
          null
        ]
      }
    },
    "timestamp": 1606335440
  }
}
